  飞机大战.cpp
D:\桌面\飞机大战\飞机大战\飞机大战.cpp(58,46): warning C4305: “初始化”: 从“double”到“float”截断
D:\桌面\飞机大战\飞机大战\飞机大战.cpp(59,48): warning C4305: “初始化”: 从“double”到“float”截断
D:\桌面\飞机大战\飞机大战\飞机大战.cpp(82,12): warning C4244: “参数”: 从“time_t”转换到“unsigned int”，可能丢失数据
D:\桌面\飞机大战\飞机大战\飞机大战.cpp(125,34): warning C4244: “参数”: 从“float”转换到“int”，可能丢失数据
D:\桌面\飞机大战\飞机大战\飞机大战.cpp(125,21): warning C4244: “参数”: 从“float”转换到“int”，可能丢失数据
D:\桌面\飞机大战\飞机大战\飞机大战.cpp(126,34): warning C4244: “参数”: 从“float”转换到“int”，可能丢失数据
D:\桌面\飞机大战\飞机大战\飞机大战.cpp(126,21): warning C4244: “参数”: 从“float”转换到“int”，可能丢失数据
D:\桌面\飞机大战\飞机大战\飞机大战.cpp(129,34): warning C4244: “参数”: 从“float”转换到“int”，可能丢失数据
D:\桌面\飞机大战\飞机大战\飞机大战.cpp(129,21): warning C4244: “参数”: 从“float”转换到“int”，可能丢失数据
D:\桌面\飞机大战\飞机大战\飞机大战.cpp(130,34): warning C4244: “参数”: 从“float”转换到“int”，可能丢失数据
D:\桌面\飞机大战\飞机大战\飞机大战.cpp(130,21): warning C4244: “参数”: 从“float”转换到“int”，可能丢失数据
D:\桌面\飞机大战\飞机大战\飞机大战.cpp(141,45): warning C4244: “参数”: 从“float”转换到“int”，可能丢失数据
D:\桌面\飞机大战\飞机大战\飞机大战.cpp(141,27): warning C4244: “参数”: 从“float”转换到“int”，可能丢失数据
D:\桌面\飞机大战\飞机大战\飞机大战.cpp(142,45): warning C4244: “参数”: 从“float”转换到“int”，可能丢失数据
D:\桌面\飞机大战\飞机大战\飞机大战.cpp(142,27): warning C4244: “参数”: 从“float”转换到“int”，可能丢失数据
D:\桌面\飞机大战\飞机大战\飞机大战.cpp(150,42): warning C4244: “参数”: 从“float”转换到“int”，可能丢失数据
D:\桌面\飞机大战\飞机大战\飞机大战.cpp(150,25): warning C4244: “参数”: 从“float”转换到“int”，可能丢失数据
D:\桌面\飞机大战\飞机大战\飞机大战.cpp(151,42): warning C4244: “参数”: 从“float”转换到“int”，可能丢失数据
D:\桌面\飞机大战\飞机大战\飞机大战.cpp(151,25): warning C4244: “参数”: 从“float”转换到“int”，可能丢失数据
D:\桌面\飞机大战\飞机大战\飞机大战.cpp(161,46): warning C4244: “参数”: 从“float”转换到“int”，可能丢失数据
D:\桌面\飞机大战\飞机大战\飞机大战.cpp(161,27): warning C4244: “参数”: 从“float”转换到“int”，可能丢失数据
D:\桌面\飞机大战\飞机大战\飞机大战.cpp(162,46): warning C4244: “参数”: 从“float”转换到“int”，可能丢失数据
D:\桌面\飞机大战\飞机大战\飞机大战.cpp(162,27): warning C4244: “参数”: 从“float”转换到“int”，可能丢失数据
D:\桌面\飞机大战\飞机大战\飞机大战.cpp(275,37): warning C4244: “=”: 从“int”转换到“float”，可能丢失数据
D:\桌面\飞机大战\飞机大战\飞机大战.cpp(297,10): warning C4244: “初始化”: 从“float”转换到“int”，可能丢失数据
D:\桌面\飞机大战\飞机大战\飞机大战.cpp(298,10): warning C4244: “初始化”: 从“float”转换到“int”，可能丢失数据
D:\桌面\飞机大战\飞机大战\飞机大战.cpp(309,10): warning C4244: “初始化”: 从“float”转换到“int”，可能丢失数据
D:\桌面\飞机大战\飞机大战\飞机大战.cpp(310,10): warning C4244: “初始化”: 从“float”转换到“int”，可能丢失数据
D:\桌面\飞机大战\飞机大战\飞机大战.cpp(321,10): warning C4244: “初始化”: 从“float”转换到“int”，可能丢失数据
D:\桌面\飞机大战\飞机大战\飞机大战.cpp(322,10): warning C4244: “初始化”: 从“float”转换到“int”，可能丢失数据
  飞机大战.vcxproj -> D:\桌面\飞机大战\x64\Debug\飞机大战.exe
